<?xml version="1.0" encoding="UTF-8"?>
<!-- Generated by org.testng.reporters.JUnitReportReporter -->
<testsuite skipped="0" hostname="LAPTOP-778LVP8F" name="NavigationTest" tests="1" failures="0" timestamp="01 Nov 2020 14:43:36 GMT" time="12.896" errors="0">
  <testcase name="navigateToAUrl" time="12.896" classname="NavigationTest"/>
</testsuite> <!-- NavigationTest -->
